-------------------------------------------------------------------------------
Test set: shopee.CucumberTestSuite
-------------------------------------------------------------------------------
Tests run: 1, Failures: 1, Errors: 0, Skipped: 0, Time elapsed: 29.095 s <<< FAILURE! - in shopee.CucumberTestSuite
As an user I want to login the application successfully(Login - FE)  Time elapsed: 25.511 s  <<< FAILURE!
org.junit.ComparisonFailure: [Login is not successfully! ] expected:<...ight: Mercury Tours:[ ]"> but was:<...ight: Mercury Tours:[]">

